Build started 6/25/2018 6:59:44 AM.
     1>Project "C:\Users\Folio\Documents\Visual Studio 2013\Projects\Project1\Project1\Project1.vcxproj" on node 2 (Build target(s)).
     1>ClCompile:
         C:\Program Files (x86)\Microsoft Visual Studio 12.0\VC\bin\CL.exe /c /ZI /nologo /W3 /WX- /sdl /Od /Oy- /D _MBCS /Gm /EHsc /RTC1 /MDd /GS /fp:precise /Zc:wchar_t /Zc:forScope /Fo"Debug\\" /Fd"Debug\vc120.pdb" /Gd /TP /analyze- /errorReport:prompt Sweeper.cpp
         Sweeper.cpp
       Link:
         C:\Program Files (x86)\Microsoft Visual Studio 12.0\VC\bin\link.exe /ERRORREPORT:PROMPT /OUT:"C:\Users\Folio\Documents\Visual Studio 2013\Projects\Project1\Debug\Project1.exe" /INCREMENTAL /NOLOGO kernel32.lib user32.lib gdi32.lib winspool.lib comdlg32.lib advapi32.lib shell32.lib ole32.lib oleaut32.lib uuid.lib odbc32.lib odbccp32.lib /MANIFEST /MANIFESTUAC:"level='asInvoker' uiAccess='false'" /manifest:embed /DEBUG /PDB:"C:\Users\Folio\Documents\Visual Studio 2013\Projects\Project1\Debug\Project1.pdb" /TLBID:1 /DYNAMICBASE /NXCOMPAT /IMPLIB:"C:\Users\Folio\Documents\Visual Studio 2013\Projects\Project1\Debug\Project1.lib" /MACHINE:X86 Debug\Address.obj
         Debug\Chair.obj
         Debug\Date.obj
         Debug\Equipment.obj
         Debug\Equipment_Factory.obj
         Debug\main.obj
         Debug\Person.obj
         Debug\School_Building.obj
         Debug\String.obj
         Debug\Student.obj
         Debug\Sweeper.obj
         Debug\Teacher.obj
         Debug\Window.obj
         Project1.vcxproj -> C:\Users\Folio\Documents\Visual Studio 2013\Projects\Project1\Debug\Project1.exe
     1>Done Building Project "C:\Users\Folio\Documents\Visual Studio 2013\Projects\Project1\Project1\Project1.vcxproj" (Build target(s)).

Build succeeded.

Time Elapsed 00:00:03.41
